<?xml version="1.0" encoding="UTF-8"?>
<!-- Generated by org.testng.reporters.JUnitXMLReporter -->
<testsuite ignored="0" hostname="SubratLaps" failures="0" tests="3" name="Default test" time="48.4" errors="0" timestamp="2020-04-30T18:19:10 IST">
  <testcase classname="com.keyword.TestNG.TestNG" name="@AfterMethod getResult" time="0.02">
    <failure type="java.lang.NullPointerException">
      <![CDATA[java.lang.NullPointerException
at java.base/java.util.regex.Matcher.getTextLength(Matcher.java:1770)
at java.base/java.util.regex.Matcher.reset(Matcher.java:416)
at java.base/java.util.regex.Matcher.<init>(Matcher.java:253)
at java.base/java.util.regex.Pattern.matcher(Pattern.java:1134)
at com.relevantcodes.extentreports.utils.ExceptionUtil.getExceptionHeadline(ExceptionUtil.java:25)
at com.relevantcodes.extentreports.utils.ExceptionUtil.createExceptionInfo(ExceptionUtil.java:34)
at com.relevantcodes.extentreports.ExtentTest.log(ExtentTest.java:131)
at com.relevantcodes.extentreports.ExtentTest.log(ExtentTest.java:164)
at com.keyword.TestNG.TestNG.getResult(TestNG.java:59)
at java.base/jdk.internal.reflect.NativeMethodAccessorImpl.invoke0(Native Method)
at java.base/jdk.internal.reflect.NativeMethodAccessorImpl.invoke(NativeMethodAccessorImpl.java:62)
at java.base/jdk.internal.reflect.DelegatingMethodAccessorImpl.invoke(DelegatingMethodAccessorImpl.java:43)
at java.base/java.lang.reflect.Method.invoke(Method.java:567)
at org.testng.internal.MethodInvocationHelper.invokeMethod(MethodInvocationHelper.java:134)
at org.testng.internal.MethodInvocationHelper.invokeMethodConsideringTimeout(MethodInvocationHelper.java:63)
at org.testng.internal.ConfigInvoker.invokeConfigurationMethod(ConfigInvoker.java:348)
at org.testng.internal.ConfigInvoker.invokeConfigurations(ConfigInvoker.java:302)
at org.testng.internal.TestInvoker.runConfigMethods(TestInvoker.java:695)
at org.testng.internal.TestInvoker.runAfterGroupsConfigurations(TestInvoker.java:671)
at org.testng.internal.TestInvoker.invokeMethod(TestInvoker.java:655)
at org.testng.internal.TestInvoker.invokeTestMethod(TestInvoker.java:173)
at org.testng.internal.MethodRunner.runInSequence(MethodRunner.java:46)
at org.testng.internal.TestInvoker$MethodInvocationAgent.invoke(TestInvoker.java:816)
at org.testng.internal.TestInvoker.invokeTestMethods(TestInvoker.java:146)
at org.testng.internal.TestMethodWorker.invokeTestMethods(TestMethodWorker.java:146)
at org.testng.internal.TestMethodWorker.run(TestMethodWorker.java:128)
at java.base/java.util.ArrayList.forEach(ArrayList.java:1507)
at org.testng.TestRunner.privateRun(TestRunner.java:766)
at org.testng.TestRunner.run(TestRunner.java:587)
at org.testng.SuiteRunner.runTest(SuiteRunner.java:384)
at org.testng.SuiteRunner.runSequentially(SuiteRunner.java:378)
at org.testng.SuiteRunner.privateRun(SuiteRunner.java:337)
at org.testng.SuiteRunner.run(SuiteRunner.java:286)
at org.testng.SuiteRunnerWorker.runSuite(SuiteRunnerWorker.java:53)
at org.testng.SuiteRunnerWorker.run(SuiteRunnerWorker.java:96)
at org.testng.TestNG.runSuitesSequentially(TestNG.java:1187)
at org.testng.TestNG.runSuitesLocally(TestNG.java:1109)
at org.testng.TestNG.runSuites(TestNG.java:1039)
at org.testng.TestNG.run(TestNG.java:1007)
at org.testng.remote.AbstractRemoteTestNG.run(AbstractRemoteTestNG.java:115)
at org.testng.remote.RemoteTestNG.initAndRun(RemoteTestNG.java:251)
at org.testng.remote.RemoteTestNG.main(RemoteTestNG.java:77)
]]>
    </failure>
  </testcase> <!-- @AfterMethod getResult -->
  <testcase classname="com.keyword.TestNG.TestNG" name="@AfterMethod getResult" time="-1.588250950892E9">
    <skipped/>
  </testcase> <!-- @AfterMethod getResult -->
  <testcase classname="com.keyword.TestNG.TestNG" name="@AfterMethod getResult" time="-1.588250950908E9">
    <skipped/>
  </testcase> <!-- @AfterMethod getResult -->
  <testcase classname="com.keyword.TestNG.TestNG" name="@AfterTest EndReport" time="-1.588250950912E9">
    <skipped/>
  </testcase> <!-- @AfterTest EndReport -->
  <testcase classname="com.keyword.TestNG.TestNG" name="AndhraBankLoan" time="47.821"/>
  <testcase classname="com.keyword.TestNG.TestNG" name="AndhraBankCustomerCorner" time="0.0">
    <skipped/>
  </testcase> <!-- AndhraBankCustomerCorner -->
  <testcase classname="com.keyword.TestNG.TestNG" name="AndhraBankSecurityTips" time="0.0">
    <skipped/>
  </testcase> <!-- AndhraBankSecurityTips -->
</testsuite> <!-- Default test -->
