<?xml version="1.0" encoding="UTF-8"?>
<!-- Generated by org.testng.reporters.JUnitXMLReporter -->
<testsuite ignored="0" hostname="SubratLaps" failures="0" tests="3" name="TestNG" time="46.999" errors="0" timestamp="2020-04-30T18:20:33 IST">
  <testcase classname="com.keyword.TestNG.TestNG" name="@AfterMethod getResult" time="0.002">
    <failure type="java.lang.NullPointerException">
      <![CDATA[java.lang.NullPointerException
at java.base/java.util.regex.Matcher.getTextLength(Matcher.java:1770)
at java.base/java.util.regex.Matcher.reset(Matcher.java:416)
at java.base/java.util.regex.Matcher.<init>(Matcher.java:253)
at java.base/java.util.regex.Pattern.matcher(Pattern.java:1134)
at com.relevantcodes.extentreports.utils.ExceptionUtil.getExceptionHeadline(ExceptionUtil.java:25)
at com.relevantcodes.extentreports.utils.ExceptionUtil.createExceptionInfo(ExceptionUtil.java:34)
at com.relevantcodes.extentreports.ExtentTest.log(ExtentTest.java:131)
at com.relevantcodes.extentreports.ExtentTest.log(ExtentTest.java:164)
at com.keyword.TestNG.TestNG.getResult(TestNG.java:59)
at java.base/java.util.ArrayList.forEach(ArrayList.java:1507)
... Removed 32 stack frames]]>
    </failure>
  </testcase> <!-- @AfterMethod getResult -->
  <testcase classname="com.keyword.TestNG.TestNG" name="@AfterMethod getResult" time="-1.588251033577E9">
    <skipped/>
  </testcase> <!-- @AfterMethod getResult -->
  <testcase classname="com.keyword.TestNG.TestNG" name="@AfterMethod getResult" time="-1.588251033593E9">
    <skipped/>
  </testcase> <!-- @AfterMethod getResult -->
  <testcase classname="com.keyword.TestNG.TestNG" name="@AfterTest EndReport" time="-1.588251033593E9">
    <skipped/>
  </testcase> <!-- @AfterTest EndReport -->
  <testcase classname="com.keyword.TestNG.TestNG" name="AndhraBankLoan" time="46.424"/>
  <testcase classname="com.keyword.TestNG.TestNG" name="AndhraBankCustomerCorner" time="0.0">
    <skipped/>
  </testcase> <!-- AndhraBankCustomerCorner -->
  <testcase classname="com.keyword.TestNG.TestNG" name="AndhraBankSecurityTips" time="0.0">
    <skipped/>
  </testcase> <!-- AndhraBankSecurityTips -->
</testsuite> <!-- TestNG -->
