<?xml version="1.0" encoding="UTF-8"?>
<testng-results ignored="0" total="1" passed="1" failed="0" skipped="0">
  <reporter-output>
  </reporter-output>
  <suite started-at="2020-04-20T18:01:31 IST" name="Default suite" finished-at="2020-04-20T18:02:01 IST" duration-ms="29570">
    <groups>
    </groups>
    <test started-at="2020-04-20T18:01:31 IST" name="Default test" finished-at="2020-04-20T18:02:01 IST" duration-ms="29570">
      <class name="com.keyword.TestNG.TestNG">
        <test-method signature="AndhraBank()[pri:0, instance:com.keyword.TestNG.TestNG@3b07a0d6]" started-at="2020-04-20T18:01:31 IST" name="AndhraBank" finished-at="2020-04-20T18:02:01 IST" duration-ms="29504" status="PASS">
          <reporter-output>
          </reporter-output>
        </test-method> <!-- AndhraBank -->
      </class> <!-- com.keyword.TestNG.TestNG -->
    </test> <!-- Default test -->
  </suite> <!-- Default suite -->
</testng-results>
