<?xml version="1.0" encoding="UTF-8"?>
<!-- Generated by org.testng.reporters.JUnitXMLReporter -->
<testsuite ignored="0" hostname="SubratLaps" failures="1" tests="3" name="Test" time="93.209" errors="0" timestamp="2020-05-06T13:20:19 IST">
  <testcase classname="com.keyword.TestNG.TestNG" name="AndhraBankLoan on [TestNG passed=0 failed=0 skipped=0]" time="49.142"/>
  <testcase classname="com.keyword.TestNG.TestNG" name="FailedTest on [TestNG passed=0 failed=0 skipped=0]" time="0.0">
    <failure type="java.lang.AssertionError" message="null">
      <![CDATA[java.lang.AssertionError: null
at com.keyword.TestNG.TestNG.FailedTest(TestNG.java:44)
at java.base/java.util.ArrayList.forEach(ArrayList.java:1507)
... Removed 29 stack frames]]>
    </failure>
  </testcase> <!-- FailedTest on [TestNG passed=0 failed=0 skipped=0] -->
  <testcase classname="com.keyword.TestNG.TestNG" name="AndhraBankCustomerCorner on [TestNG passed=0 failed=0 skipped=0]" time="43.998"/>
</testsuite> <!-- Test -->
